
=== Tue Oct 15 10:45:13 2024

Packages were changed.
Update Mode: mergeDefaultDependencies

The following packages were added:
  com.unity.modules.ai@1.0.0
  com.unity.modules.assetbundle@1.0.0
  com.unity.modules.cloth@1.0.0
  com.unity.modules.imgui@1.0.0
  com.unity.modules.terrain@1.0.0
  com.unity.modules.terrainphysics@1.0.0
  com.unity.modules.tilemap@1.0.0
  com.unity.modules.vehicles@1.0.0
  com.unity.modules.video@1.0.0
  com.unity.modules.vr@1.0.0
  com.unity.modules.wind@1.0.0
  com.unity.modules.xr@1.0.0
The following packages were updated:
  com.unity.netcode.gameobjects from version 1.9.1 to 1.11.0
  com.unity.render-pipelines.universal from version 14.0.8 to 14.0.11
  com.unity.services.multiplay from version 1.2.2 to 1.2.5
